<?xml version="1.0" encoding="UTF-8"?>
<testsuites name="bun test" tests="4" assertions="0" failures="1" skipped="1" time="0.100000000">
  <testsuite name="test/fixtures/bun-suite/files/a.test.js" file="test/fixtures/bun-suite/files/a.test.js" tests="2" assertions="0" failures="0" skipped="0" time="0.010000000" hostname="fixture">
    <testsuite name="outer" file="test/fixtures/bun-suite/files/a.test.js" line="2" tests="1" assertions="0" failures="0" skipped="0" time="0" hostname="fixture">
      <testsuite name="inner &gt; with angle" file="test/fixtures/bun-suite/files/a.test.js" line="2" tests="1" assertions="0" failures="0" skipped="0" time="0.003" hostname="fixture">
        <testcase name="passes" classname="inner &gt; with angle &gt; outer" time="0.003434" file="test/fixtures/bun-suite/files/a.test.js" line="2" assertions="0" />
      </testsuite>
    </testsuite>
    <testcase name="top-level passes" classname="" time="0.000141" file="test/fixtures/bun-suite/files/a.test.js" line="3" assertions="0" />
  </testsuite>
  <testsuite name="test/fixtures/bun-suite/files/b.test.js" file="test/fixtures/bun-suite/files/b.test.js" tests="2" assertions="0" failures="1" skipped="1" time="0.025023655" hostname="fixture">
    <testsuite name="suite" file="test/fixtures/bun-suite/files/b.test.js" line="2" tests="2" assertions="0" failures="1" skipped="1" time="0.004" hostname="fixture">
      <testcase name="fails deliberately" classname="suite" time="0.00488" file="test/fixtures/bun-suite/files/b.test.js" line="2" assertions="0">
        <failure type="AssertionError" message="Expected values to be strictly equal:&#10;&#10;1 !== 2&#10;">AssertionError: Expected values to be strictly equal:&#10;&#10;1 !== 2&#10;&#10;      at b.test.js:2:79&#10;</failure>
      </testcase>
      <testcase name="skipped one" classname="suite" time="0" file="test/fixtures/bun-suite/files/b.test.js" line="2" assertions="0">
        <skipped />
      </testcase>
    </testsuite>
  </testsuite>
</testsuites>
